2025-10-15 18:14:14 [DefaultDispatcher-worker-1] INFO  o.s.boot.SpringApplication - Starting application using Java 21.0.8 with PID 16424 (started by Admin in E:\Pemrograman\Kotlin\cetak-stiker-103)
2025-10-15 18:14:14 [DefaultDispatcher-worker-1] INFO  o.s.boot.SpringApplication - No active profile set, falling back to 1 default profile: "default"
2025-10-15 18:14:14 [DefaultDispatcher-worker-1] INFO  o.s.d.r.c.RepositoryConfigurationDelegate - Bootstrapping Spring Data JPA repositories in DEFAULT mode.
2025-10-15 18:14:15 [DefaultDispatcher-worker-1] INFO  o.s.d.r.c.RepositoryConfigurationDelegate - Finished Spring Data repository scanning in 60 ms. Found 5 JPA repository interfaces.
2025-10-15 18:14:15 [DefaultDispatcher-worker-1] INFO  o.s.b.w.e.tomcat.TomcatWebServer - Tomcat initialized with port 8080 (http)
2025-10-15 18:14:15 [DefaultDispatcher-worker-1] INFO  o.a.coyote.http11.Http11NioProtocol - Initializing ProtocolHandler ["http-nio-8080"]
2025-10-15 18:14:15 [DefaultDispatcher-worker-1] INFO  o.a.catalina.core.StandardService - Starting service [Tomcat]
2025-10-15 18:14:15 [DefaultDispatcher-worker-1] INFO  o.a.catalina.core.StandardEngine - Starting Servlet engine: [Apache Tomcat/10.1.46]
2025-10-15 18:14:15 [DefaultDispatcher-worker-1] INFO  o.a.c.c.C.[Tomcat].[localhost].[/] - Initializing Spring embedded WebApplicationContext
2025-10-15 18:14:15 [DefaultDispatcher-worker-1] INFO  o.s.b.w.s.c.ServletWebServerApplicationContext - Root WebApplicationContext: initialization completed in 1306 ms
2025-10-15 18:14:15 [DefaultDispatcher-worker-1] INFO  o.h.jpa.internal.util.LogHelper - HHH000204: Processing PersistenceUnitInfo [name: default]
2025-10-15 18:14:15 [DefaultDispatcher-worker-1] INFO  org.hibernate.Version - HHH000412: Hibernate ORM core version 6.6.29.Final
2025-10-15 18:14:15 [DefaultDispatcher-worker-1] INFO  o.h.c.i.RegionFactoryInitiator - HHH000026: Second-level cache disabled
2025-10-15 18:14:16 [DefaultDispatcher-worker-1] INFO  o.s.o.j.p.SpringPersistenceUnitInfo - No LoadTimeWeaver setup: ignoring JPA class transformer
2025-10-15 18:14:16 [DefaultDispatcher-worker-1] INFO  com.zaxxer.hikari.HikariDataSource - HikariPool-1 - Starting...
2025-10-15 18:14:16 [DefaultDispatcher-worker-1] INFO  com.zaxxer.hikari.pool.HikariPool - HikariPool-1 - Added connection conn0: url=jdbc:h2:file:./data/serverdb user=SA
2025-10-15 18:14:16 [DefaultDispatcher-worker-1] INFO  com.zaxxer.hikari.HikariDataSource - HikariPool-1 - Start completed.
2025-10-15 18:14:16 [DefaultDispatcher-worker-1] INFO  o.hibernate.orm.connections.pooling - HHH10001005: Database info:
	Database JDBC URL [Connecting through datasource 'HikariDataSource (HikariPool-1)']
	Database driver: undefined/unknown
	Database version: 2.3.232
	Autocommit mode: undefined/unknown
	Isolation level: undefined/unknown
	Minimum pool size: undefined/unknown
	Maximum pool size: undefined/unknown
2025-10-15 18:14:16 [DefaultDispatcher-worker-1] INFO  o.h.e.t.j.p.i.JtaPlatformInitiator - HHH000489: No JTA platform available (set 'hibernate.transaction.jta.platform' to enable JTA platform integration)
2025-10-15 18:14:16 [DefaultDispatcher-worker-1] INFO  o.s.o.j.LocalContainerEntityManagerFactoryBean - Initialized JPA EntityManagerFactory for persistence unit 'default'
2025-10-15 18:14:17 [DefaultDispatcher-worker-1] INFO  o.s.d.j.r.query.QueryEnhancerFactory - Hibernate is in classpath; If applicable, HQL parser will be used.
2025-10-15 18:14:17 [DefaultDispatcher-worker-1] WARN  o.s.b.a.o.j.JpaBaseConfiguration$JpaWebConfiguration - spring.jpa.open-in-view is enabled by default. Therefore, database queries may be performed during view rendering. Explicitly configure spring.jpa.open-in-view to disable this warning
2025-10-15 18:14:17 [DefaultDispatcher-worker-1] INFO  o.s.s.c.a.a.c.InitializeUserDetailsBeanManagerConfigurer$InitializeUserDetailsManagerConfigurer - Global AuthenticationManager configured with UserDetailsService bean with name userDetailsService
2025-10-15 18:14:18 [DefaultDispatcher-worker-1] INFO  o.s.b.a.h.H2ConsoleAutoConfiguration - H2 console available at '/h2-console'. Database available at 'jdbc:h2:file:./data/serverdb'
2025-10-15 18:14:18 [DefaultDispatcher-worker-1] INFO  o.a.coyote.http11.Http11NioProtocol - Starting ProtocolHandler ["http-nio-8080"]
2025-10-15 18:14:18 [DefaultDispatcher-worker-1] INFO  o.s.b.w.e.tomcat.TomcatWebServer - Tomcat started on port 8080 (http) with context path '/'
2025-10-15 18:14:18 [DefaultDispatcher-worker-1] INFO  o.s.boot.SpringApplication - Started application in 4.542 seconds (process running for 6.656)
2025-10-15 18:14:54 [DefaultDispatcher-worker-1] INFO  o.s.b.w.e.tomcat.GracefulShutdown - Commencing graceful shutdown. Waiting for active requests to complete
2025-10-15 18:14:54 [tomcat-shutdown] INFO  o.a.coyote.http11.Http11NioProtocol - Pausing ProtocolHandler ["http-nio-8080"]
2025-10-15 18:14:54 [tomcat-shutdown] INFO  o.s.b.w.e.tomcat.GracefulShutdown - Graceful shutdown complete
2025-10-15 18:14:54 [DefaultDispatcher-worker-1] INFO  o.a.coyote.http11.Http11NioProtocol - Stopping ProtocolHandler ["http-nio-8080"]
2025-10-15 18:14:54 [DefaultDispatcher-worker-1] INFO  o.s.o.j.LocalContainerEntityManagerFactoryBean - Closing JPA EntityManagerFactory for persistence unit 'default'
2025-10-15 18:14:54 [DefaultDispatcher-worker-1] INFO  com.zaxxer.hikari.HikariDataSource - HikariPool-1 - Shutdown initiated...
2025-10-15 18:14:54 [DefaultDispatcher-worker-1] INFO  com.zaxxer.hikari.HikariDataSource - HikariPool-1 - Shutdown completed.
2025-10-15 18:26:11 [DefaultDispatcher-worker-1] INFO  o.s.boot.SpringApplication - Starting application using Java 21.0.8 with PID 4388 (started by Admin in E:\Pemrograman\Kotlin\cetak-stiker-103)
2025-10-15 18:26:11 [DefaultDispatcher-worker-1] INFO  o.s.boot.SpringApplication - No active profile set, falling back to 1 default profile: "default"
2025-10-15 18:26:11 [DefaultDispatcher-worker-1] INFO  o.s.d.r.c.RepositoryConfigurationDelegate - Bootstrapping Spring Data JPA repositories in DEFAULT mode.
2025-10-15 18:26:11 [DefaultDispatcher-worker-1] INFO  o.s.d.r.c.RepositoryConfigurationDelegate - Finished Spring Data repository scanning in 61 ms. Found 5 JPA repository interfaces.
2025-10-15 18:26:12 [DefaultDispatcher-worker-1] INFO  o.s.b.w.e.tomcat.TomcatWebServer - Tomcat initialized with port 8080 (http)
2025-10-15 18:26:12 [DefaultDispatcher-worker-1] INFO  o.a.coyote.http11.Http11NioProtocol - Initializing ProtocolHandler ["http-nio-8080"]
2025-10-15 18:26:12 [DefaultDispatcher-worker-1] INFO  o.a.catalina.core.StandardService - Starting service [Tomcat]
2025-10-15 18:26:12 [DefaultDispatcher-worker-1] INFO  o.a.catalina.core.StandardEngine - Starting Servlet engine: [Apache Tomcat/10.1.46]
2025-10-15 18:26:12 [DefaultDispatcher-worker-1] INFO  o.a.c.c.C.[Tomcat].[localhost].[/] - Initializing Spring embedded WebApplicationContext
2025-10-15 18:26:12 [DefaultDispatcher-worker-1] INFO  o.s.b.w.s.c.ServletWebServerApplicationContext - Root WebApplicationContext: initialization completed in 1297 ms
2025-10-15 18:26:12 [DefaultDispatcher-worker-1] INFO  o.h.jpa.internal.util.LogHelper - HHH000204: Processing PersistenceUnitInfo [name: default]
2025-10-15 18:26:12 [DefaultDispatcher-worker-1] INFO  org.hibernate.Version - HHH000412: Hibernate ORM core version 6.6.29.Final
2025-10-15 18:26:12 [DefaultDispatcher-worker-1] INFO  o.h.c.i.RegionFactoryInitiator - HHH000026: Second-level cache disabled
2025-10-15 18:26:13 [DefaultDispatcher-worker-1] INFO  o.s.o.j.p.SpringPersistenceUnitInfo - No LoadTimeWeaver setup: ignoring JPA class transformer
2025-10-15 18:26:13 [DefaultDispatcher-worker-1] INFO  com.zaxxer.hikari.HikariDataSource - HikariPool-1 - Starting...
2025-10-15 18:26:13 [DefaultDispatcher-worker-1] INFO  com.zaxxer.hikari.pool.HikariPool - HikariPool-1 - Added connection conn0: url=jdbc:h2:file:./data/serverdb user=SA
2025-10-15 18:26:13 [DefaultDispatcher-worker-1] INFO  com.zaxxer.hikari.HikariDataSource - HikariPool-1 - Start completed.
2025-10-15 18:26:13 [DefaultDispatcher-worker-1] INFO  o.hibernate.orm.connections.pooling - HHH10001005: Database info:
	Database JDBC URL [Connecting through datasource 'HikariDataSource (HikariPool-1)']
	Database driver: undefined/unknown
	Database version: 2.3.232
	Autocommit mode: undefined/unknown
	Isolation level: undefined/unknown
	Minimum pool size: undefined/unknown
	Maximum pool size: undefined/unknown
2025-10-15 18:26:13 [DefaultDispatcher-worker-1] INFO  o.h.e.t.j.p.i.JtaPlatformInitiator - HHH000489: No JTA platform available (set 'hibernate.transaction.jta.platform' to enable JTA platform integration)
2025-10-15 18:26:13 [DefaultDispatcher-worker-1] INFO  o.s.o.j.LocalContainerEntityManagerFactoryBean - Initialized JPA EntityManagerFactory for persistence unit 'default'
2025-10-15 18:26:14 [DefaultDispatcher-worker-1] INFO  o.s.d.j.r.query.QueryEnhancerFactory - Hibernate is in classpath; If applicable, HQL parser will be used.
2025-10-15 18:26:14 [DefaultDispatcher-worker-1] WARN  o.s.b.a.o.j.JpaBaseConfiguration$JpaWebConfiguration - spring.jpa.open-in-view is enabled by default. Therefore, database queries may be performed during view rendering. Explicitly configure spring.jpa.open-in-view to disable this warning
2025-10-15 18:26:14 [DefaultDispatcher-worker-1] INFO  o.s.s.c.a.a.c.InitializeUserDetailsBeanManagerConfigurer$InitializeUserDetailsManagerConfigurer - Global AuthenticationManager configured with UserDetailsService bean with name userDetailsService
2025-10-15 18:26:15 [DefaultDispatcher-worker-1] INFO  o.s.b.a.h.H2ConsoleAutoConfiguration - H2 console available at '/h2-console'. Database available at 'jdbc:h2:file:./data/serverdb'
2025-10-15 18:26:15 [DefaultDispatcher-worker-1] INFO  o.a.coyote.http11.Http11NioProtocol - Starting ProtocolHandler ["http-nio-8080"]
2025-10-15 18:26:15 [DefaultDispatcher-worker-1] INFO  o.s.b.w.e.tomcat.TomcatWebServer - Tomcat started on port 8080 (http) with context path '/'
2025-10-15 18:26:15 [DefaultDispatcher-worker-1] INFO  o.s.boot.SpringApplication - Started application in 4.493 seconds (process running for 6.693)
2025-10-15 18:26:32 [DefaultDispatcher-worker-1] INFO  o.s.b.w.e.tomcat.GracefulShutdown - Commencing graceful shutdown. Waiting for active requests to complete
2025-10-15 18:26:32 [tomcat-shutdown] INFO  o.a.coyote.http11.Http11NioProtocol - Pausing ProtocolHandler ["http-nio-8080"]
2025-10-15 18:26:32 [tomcat-shutdown] INFO  o.s.b.w.e.tomcat.GracefulShutdown - Graceful shutdown complete
2025-10-15 18:26:32 [DefaultDispatcher-worker-1] INFO  o.a.coyote.http11.Http11NioProtocol - Stopping ProtocolHandler ["http-nio-8080"]
2025-10-15 18:26:32 [DefaultDispatcher-worker-1] INFO  o.s.o.j.LocalContainerEntityManagerFactoryBean - Closing JPA EntityManagerFactory for persistence unit 'default'
2025-10-15 18:26:32 [DefaultDispatcher-worker-1] INFO  com.zaxxer.hikari.HikariDataSource - HikariPool-1 - Shutdown initiated...
2025-10-15 18:26:32 [DefaultDispatcher-worker-1] INFO  com.zaxxer.hikari.HikariDataSource - HikariPool-1 - Shutdown completed.
