2025-10-30 10:49:32 DEBUG [http-nio-8080-exec-2] org.hibernate.SQL - select p1_0.id,p1_0.kata_sandi,p1_0.nama_akun,p1_0.nama_lengkap from pengguna p1_0
2025-10-30 10:49:35 DEBUG [http-nio-8080-exec-4] org.hibernate.SQL - select du1_0.id,du1_0.alamat,du1_0.instagram,du1_0.kontak,du1_0.nama_pemilik,du1_0.nama_usaha from data_umkm du1_0
2025-10-30 10:49:38 DEBUG [http-nio-8080-exec-6] org.hibernate.SQL - select ds1_0.id,ds1_0.catatan,ds1_0.data_umkm_id,ds1_0.kode_stiker,ds1_0.lebar,ds1_0.nama_stiker,ds1_0.panjang,ds1_0.tgl_pembuatan,ds1_0.tgl_perubahan from data_stiker ds1_0
2025-10-30 10:49:38 DEBUG [http-nio-8080-exec-6] org.hibernate.SQL - select du1_0.id,du1_0.alamat,du1_0.instagram,du1_0.kontak,du1_0.nama_pemilik,du1_0.nama_usaha from data_umkm du1_0 where du1_0.id=?
2025-10-30 10:49:38 TRACE [http-nio-8080-exec-6] org.hibernate.orm.jdbc.bind - binding parameter (1:BIGINT) <- [2]
2025-10-30 10:49:38 DEBUG [http-nio-8080-exec-6] org.hibernate.SQL - select du1_0.id,du1_0.alamat,du1_0.instagram,du1_0.kontak,du1_0.nama_pemilik,du1_0.nama_usaha from data_umkm du1_0 where du1_0.id=?
2025-10-30 10:49:38 TRACE [http-nio-8080-exec-6] org.hibernate.orm.jdbc.bind - binding parameter (1:BIGINT) <- [3]
2025-10-30 10:49:38 DEBUG [http-nio-8080-exec-6] org.hibernate.SQL - select du1_0.id,du1_0.alamat,du1_0.instagram,du1_0.kontak,du1_0.nama_pemilik,du1_0.nama_usaha from data_umkm du1_0 where du1_0.id=?
2025-10-30 10:49:38 TRACE [http-nio-8080-exec-6] org.hibernate.orm.jdbc.bind - binding parameter (1:BIGINT) <- [4]
2025-10-30 10:49:38 DEBUG [http-nio-8080-exec-6] org.hibernate.SQL - select du1_0.id,du1_0.alamat,du1_0.instagram,du1_0.kontak,du1_0.nama_pemilik,du1_0.nama_usaha from data_umkm du1_0 where du1_0.id=?
2025-10-30 10:49:38 TRACE [http-nio-8080-exec-6] org.hibernate.orm.jdbc.bind - binding parameter (1:BIGINT) <- [6]
2025-10-30 10:49:40 DEBUG [http-nio-8080-exec-7] org.hibernate.SQL - 
            SELECT faktur 
            FROM orderan_stiker 
            WHERE YEAR(tanggal) = ? 
            ORDER BY faktur DESC 
            LIMIT 1
        
2025-10-30 10:49:40 TRACE [http-nio-8080-exec-7] org.hibernate.orm.jdbc.bind - binding parameter (1:INTEGER) <- [2025]
2025-10-30 10:49:41 DEBUG [http-nio-8080-exec-8] org.hibernate.SQL - select os1_0.id,os1_0.faktur,os1_0.tanggal,os1_0.total_stiker,os1_0.umkm_id from orderan_stiker os1_0
2025-10-30 10:49:41 DEBUG [http-nio-8080-exec-8] org.hibernate.SQL - select du1_0.id,du1_0.alamat,du1_0.instagram,du1_0.kontak,du1_0.nama_pemilik,du1_0.nama_usaha from data_umkm du1_0 where du1_0.id=?
2025-10-30 10:49:41 TRACE [http-nio-8080-exec-8] org.hibernate.orm.jdbc.bind - binding parameter (1:BIGINT) <- [2]
2025-10-30 10:49:41 DEBUG [http-nio-8080-exec-8] org.hibernate.SQL - select du1_0.id,du1_0.alamat,du1_0.instagram,du1_0.kontak,du1_0.nama_pemilik,du1_0.nama_usaha from data_umkm du1_0 where du1_0.id=?
2025-10-30 10:49:41 TRACE [http-nio-8080-exec-8] org.hibernate.orm.jdbc.bind - binding parameter (1:BIGINT) <- [3]
2025-10-30 10:49:41 DEBUG [http-nio-8080-exec-8] org.hibernate.SQL - select du1_0.id,du1_0.alamat,du1_0.instagram,du1_0.kontak,du1_0.nama_pemilik,du1_0.nama_usaha from data_umkm du1_0 where du1_0.id=?
2025-10-30 10:49:41 TRACE [http-nio-8080-exec-8] org.hibernate.orm.jdbc.bind - binding parameter (1:BIGINT) <- [4]
2025-10-30 10:49:41 DEBUG [http-nio-8080-exec-8] org.hibernate.SQL - select r1_0.orderan_id,r1_0.id,r1_0.jumlah,r1_0.stiker_id from orderan_stiker_rinci r1_0 where r1_0.orderan_id=?
2025-10-30 10:49:41 TRACE [http-nio-8080-exec-8] org.hibernate.orm.jdbc.bind - binding parameter (1:BIGINT) <- [1]
2025-10-30 10:49:41 DEBUG [http-nio-8080-exec-8] org.hibernate.SQL - select ds1_0.id,ds1_0.catatan,ds1_0.data_umkm_id,du1_0.id,du1_0.alamat,du1_0.instagram,du1_0.kontak,du1_0.nama_pemilik,du1_0.nama_usaha,ds1_0.kode_stiker,ds1_0.lebar,ds1_0.nama_stiker,ds1_0.panjang,ds1_0.tgl_pembuatan,ds1_0.tgl_perubahan from data_stiker ds1_0 join data_umkm du1_0 on du1_0.id=ds1_0.data_umkm_id where ds1_0.id=?
2025-10-30 10:49:41 TRACE [http-nio-8080-exec-8] org.hibernate.orm.jdbc.bind - binding parameter (1:BIGINT) <- [1]
2025-10-30 10:49:41 DEBUG [http-nio-8080-exec-8] org.hibernate.SQL - select r1_0.orderan_id,r1_0.id,r1_0.jumlah,r1_0.stiker_id from orderan_stiker_rinci r1_0 where r1_0.orderan_id=?
2025-10-30 10:49:41 TRACE [http-nio-8080-exec-8] org.hibernate.orm.jdbc.bind - binding parameter (1:BIGINT) <- [2]
2025-10-30 10:49:41 DEBUG [http-nio-8080-exec-8] org.hibernate.SQL - select r1_0.orderan_id,r1_0.id,r1_0.jumlah,r1_0.stiker_id from orderan_stiker_rinci r1_0 where r1_0.orderan_id=?
2025-10-30 10:49:41 TRACE [http-nio-8080-exec-8] org.hibernate.orm.jdbc.bind - binding parameter (1:BIGINT) <- [3]
2025-10-30 10:49:41 DEBUG [http-nio-8080-exec-8] org.hibernate.SQL - select r1_0.orderan_id,r1_0.id,r1_0.jumlah,r1_0.stiker_id from orderan_stiker_rinci r1_0 where r1_0.orderan_id=?
2025-10-30 10:49:41 TRACE [http-nio-8080-exec-8] org.hibernate.orm.jdbc.bind - binding parameter (1:BIGINT) <- [4]
2025-10-30 10:49:41 DEBUG [http-nio-8080-exec-8] org.hibernate.SQL - select r1_0.orderan_id,r1_0.id,r1_0.jumlah,r1_0.stiker_id from orderan_stiker_rinci r1_0 where r1_0.orderan_id=?
2025-10-30 10:49:41 TRACE [http-nio-8080-exec-8] org.hibernate.orm.jdbc.bind - binding parameter (1:BIGINT) <- [5]
2025-10-30 10:49:41 DEBUG [http-nio-8080-exec-8] org.hibernate.SQL - select ds1_0.id,ds1_0.catatan,ds1_0.data_umkm_id,du1_0.id,du1_0.alamat,du1_0.instagram,du1_0.kontak,du1_0.nama_pemilik,du1_0.nama_usaha,ds1_0.kode_stiker,ds1_0.lebar,ds1_0.nama_stiker,ds1_0.panjang,ds1_0.tgl_pembuatan,ds1_0.tgl_perubahan from data_stiker ds1_0 join data_umkm du1_0 on du1_0.id=ds1_0.data_umkm_id where ds1_0.id=?
2025-10-30 10:49:41 TRACE [http-nio-8080-exec-8] org.hibernate.orm.jdbc.bind - binding parameter (1:BIGINT) <- [2]
2025-10-30 10:49:41 DEBUG [http-nio-8080-exec-8] org.hibernate.SQL - select r1_0.orderan_id,r1_0.id,r1_0.jumlah,r1_0.stiker_id from orderan_stiker_rinci r1_0 where r1_0.orderan_id=?
2025-10-30 10:49:41 TRACE [http-nio-8080-exec-8] org.hibernate.orm.jdbc.bind - binding parameter (1:BIGINT) <- [6]
2025-10-30 10:49:41 DEBUG [http-nio-8080-exec-8] org.hibernate.SQL - select r1_0.orderan_id,r1_0.id,r1_0.jumlah,r1_0.stiker_id from orderan_stiker_rinci r1_0 where r1_0.orderan_id=?
2025-10-30 10:49:41 TRACE [http-nio-8080-exec-8] org.hibernate.orm.jdbc.bind - binding parameter (1:BIGINT) <- [7]
2025-10-30 10:49:41 DEBUG [http-nio-8080-exec-8] org.hibernate.SQL - select r1_0.orderan_id,r1_0.id,r1_0.jumlah,r1_0.stiker_id from orderan_stiker_rinci r1_0 where r1_0.orderan_id=?
2025-10-30 10:49:41 TRACE [http-nio-8080-exec-8] org.hibernate.orm.jdbc.bind - binding parameter (1:BIGINT) <- [8]
2025-10-30 10:49:41 DEBUG [http-nio-8080-exec-8] org.hibernate.SQL - select r1_0.orderan_id,r1_0.id,r1_0.jumlah,r1_0.stiker_id from orderan_stiker_rinci r1_0 where r1_0.orderan_id=?
2025-10-30 10:49:41 TRACE [http-nio-8080-exec-8] org.hibernate.orm.jdbc.bind - binding parameter (1:BIGINT) <- [9]
2025-10-30 10:49:41 DEBUG [http-nio-8080-exec-8] org.hibernate.SQL - select ds1_0.id,ds1_0.catatan,ds1_0.data_umkm_id,du1_0.id,du1_0.alamat,du1_0.instagram,du1_0.kontak,du1_0.nama_pemilik,du1_0.nama_usaha,ds1_0.kode_stiker,ds1_0.lebar,ds1_0.nama_stiker,ds1_0.panjang,ds1_0.tgl_pembuatan,ds1_0.tgl_perubahan from data_stiker ds1_0 join data_umkm du1_0 on du1_0.id=ds1_0.data_umkm_id where ds1_0.id=?
2025-10-30 10:49:41 TRACE [http-nio-8080-exec-8] org.hibernate.orm.jdbc.bind - binding parameter (1:BIGINT) <- [4]
2025-10-30 10:49:41 DEBUG [http-nio-8080-exec-8] org.hibernate.SQL - select ds1_0.id,ds1_0.catatan,ds1_0.data_umkm_id,du1_0.id,du1_0.alamat,du1_0.instagram,du1_0.kontak,du1_0.nama_pemilik,du1_0.nama_usaha,ds1_0.kode_stiker,ds1_0.lebar,ds1_0.nama_stiker,ds1_0.panjang,ds1_0.tgl_pembuatan,ds1_0.tgl_perubahan from data_stiker ds1_0 join data_umkm du1_0 on du1_0.id=ds1_0.data_umkm_id where ds1_0.id=?
2025-10-30 10:49:41 TRACE [http-nio-8080-exec-8] org.hibernate.orm.jdbc.bind - binding parameter (1:BIGINT) <- [5]
2025-10-30 10:49:41 DEBUG [http-nio-8080-exec-8] org.hibernate.SQL - select r1_0.orderan_id,r1_0.id,r1_0.jumlah,r1_0.stiker_id from orderan_stiker_rinci r1_0 where r1_0.orderan_id=?
2025-10-30 10:49:41 TRACE [http-nio-8080-exec-8] org.hibernate.orm.jdbc.bind - binding parameter (1:BIGINT) <- [10]
2025-10-30 10:49:41 DEBUG [http-nio-8080-exec-8] org.hibernate.SQL - select r1_0.orderan_id,r1_0.id,r1_0.jumlah,r1_0.stiker_id from orderan_stiker_rinci r1_0 where r1_0.orderan_id=?
2025-10-30 10:49:41 TRACE [http-nio-8080-exec-8] org.hibernate.orm.jdbc.bind - binding parameter (1:BIGINT) <- [12]
2025-10-30 10:49:41 DEBUG [http-nio-8080-exec-8] org.hibernate.SQL - select r1_0.orderan_id,r1_0.id,r1_0.jumlah,r1_0.stiker_id from orderan_stiker_rinci r1_0 where r1_0.orderan_id=?
2025-10-30 10:49:41 TRACE [http-nio-8080-exec-8] org.hibernate.orm.jdbc.bind - binding parameter (1:BIGINT) <- [13]
2025-10-30 10:49:41 DEBUG [http-nio-8080-exec-8] org.hibernate.SQL - select ds1_0.id,ds1_0.catatan,ds1_0.data_umkm_id,du1_0.id,du1_0.alamat,du1_0.instagram,du1_0.kontak,du1_0.nama_pemilik,du1_0.nama_usaha,ds1_0.kode_stiker,ds1_0.lebar,ds1_0.nama_stiker,ds1_0.panjang,ds1_0.tgl_pembuatan,ds1_0.tgl_perubahan from data_stiker ds1_0 join data_umkm du1_0 on du1_0.id=ds1_0.data_umkm_id where ds1_0.id=?
2025-10-30 10:49:41 TRACE [http-nio-8080-exec-8] org.hibernate.orm.jdbc.bind - binding parameter (1:BIGINT) <- [7]
2025-10-30 10:49:41 DEBUG [http-nio-8080-exec-8] org.hibernate.SQL - select r1_0.orderan_id,r1_0.id,r1_0.jumlah,r1_0.stiker_id from orderan_stiker_rinci r1_0 where r1_0.orderan_id=?
2025-10-30 10:49:41 TRACE [http-nio-8080-exec-8] org.hibernate.orm.jdbc.bind - binding parameter (1:BIGINT) <- [14]
2025-10-30 10:49:41 DEBUG [http-nio-8080-exec-9] org.hibernate.SQL - select os1_0.id,os1_0.faktur,os1_0.tanggal,os1_0.total_stiker,os1_0.umkm_id from orderan_stiker os1_0
2025-10-30 10:49:41 DEBUG [http-nio-8080-exec-9] org.hibernate.SQL - select du1_0.id,du1_0.alamat,du1_0.instagram,du1_0.kontak,du1_0.nama_pemilik,du1_0.nama_usaha from data_umkm du1_0 where du1_0.id=?
2025-10-30 10:49:41 TRACE [http-nio-8080-exec-9] org.hibernate.orm.jdbc.bind - binding parameter (1:BIGINT) <- [2]
2025-10-30 10:49:41 DEBUG [http-nio-8080-exec-9] org.hibernate.SQL - select du1_0.id,du1_0.alamat,du1_0.instagram,du1_0.kontak,du1_0.nama_pemilik,du1_0.nama_usaha from data_umkm du1_0 where du1_0.id=?
2025-10-30 10:49:41 TRACE [http-nio-8080-exec-9] org.hibernate.orm.jdbc.bind - binding parameter (1:BIGINT) <- [3]
2025-10-30 10:49:41 DEBUG [http-nio-8080-exec-9] org.hibernate.SQL - select du1_0.id,du1_0.alamat,du1_0.instagram,du1_0.kontak,du1_0.nama_pemilik,du1_0.nama_usaha from data_umkm du1_0 where du1_0.id=?
2025-10-30 10:49:41 TRACE [http-nio-8080-exec-9] org.hibernate.orm.jdbc.bind - binding parameter (1:BIGINT) <- [4]
2025-10-30 10:49:41 DEBUG [http-nio-8080-exec-9] org.hibernate.SQL - select r1_0.orderan_id,r1_0.id,r1_0.jumlah,r1_0.stiker_id from orderan_stiker_rinci r1_0 where r1_0.orderan_id=?
2025-10-30 10:49:41 TRACE [http-nio-8080-exec-9] org.hibernate.orm.jdbc.bind - binding parameter (1:BIGINT) <- [1]
2025-10-30 10:49:41 DEBUG [http-nio-8080-exec-9] org.hibernate.SQL - select ds1_0.id,ds1_0.catatan,ds1_0.data_umkm_id,du1_0.id,du1_0.alamat,du1_0.instagram,du1_0.kontak,du1_0.nama_pemilik,du1_0.nama_usaha,ds1_0.kode_stiker,ds1_0.lebar,ds1_0.nama_stiker,ds1_0.panjang,ds1_0.tgl_pembuatan,ds1_0.tgl_perubahan from data_stiker ds1_0 join data_umkm du1_0 on du1_0.id=ds1_0.data_umkm_id where ds1_0.id=?
2025-10-30 10:49:41 TRACE [http-nio-8080-exec-9] org.hibernate.orm.jdbc.bind - binding parameter (1:BIGINT) <- [1]
2025-10-30 10:49:41 DEBUG [http-nio-8080-exec-9] org.hibernate.SQL - select r1_0.orderan_id,r1_0.id,r1_0.jumlah,r1_0.stiker_id from orderan_stiker_rinci r1_0 where r1_0.orderan_id=?
2025-10-30 10:49:41 TRACE [http-nio-8080-exec-9] org.hibernate.orm.jdbc.bind - binding parameter (1:BIGINT) <- [2]
2025-10-30 10:49:41 DEBUG [http-nio-8080-exec-9] org.hibernate.SQL - select r1_0.orderan_id,r1_0.id,r1_0.jumlah,r1_0.stiker_id from orderan_stiker_rinci r1_0 where r1_0.orderan_id=?
2025-10-30 10:49:41 TRACE [http-nio-8080-exec-9] org.hibernate.orm.jdbc.bind - binding parameter (1:BIGINT) <- [3]
2025-10-30 10:49:41 DEBUG [http-nio-8080-exec-9] org.hibernate.SQL - select r1_0.orderan_id,r1_0.id,r1_0.jumlah,r1_0.stiker_id from orderan_stiker_rinci r1_0 where r1_0.orderan_id=?
2025-10-30 10:49:41 TRACE [http-nio-8080-exec-9] org.hibernate.orm.jdbc.bind - binding parameter (1:BIGINT) <- [4]
2025-10-30 10:49:41 DEBUG [http-nio-8080-exec-9] org.hibernate.SQL - select r1_0.orderan_id,r1_0.id,r1_0.jumlah,r1_0.stiker_id from orderan_stiker_rinci r1_0 where r1_0.orderan_id=?
2025-10-30 10:49:41 TRACE [http-nio-8080-exec-9] org.hibernate.orm.jdbc.bind - binding parameter (1:BIGINT) <- [5]
2025-10-30 10:49:41 DEBUG [http-nio-8080-exec-9] org.hibernate.SQL - select ds1_0.id,ds1_0.catatan,ds1_0.data_umkm_id,du1_0.id,du1_0.alamat,du1_0.instagram,du1_0.kontak,du1_0.nama_pemilik,du1_0.nama_usaha,ds1_0.kode_stiker,ds1_0.lebar,ds1_0.nama_stiker,ds1_0.panjang,ds1_0.tgl_pembuatan,ds1_0.tgl_perubahan from data_stiker ds1_0 join data_umkm du1_0 on du1_0.id=ds1_0.data_umkm_id where ds1_0.id=?
2025-10-30 10:49:41 TRACE [http-nio-8080-exec-9] org.hibernate.orm.jdbc.bind - binding parameter (1:BIGINT) <- [2]
2025-10-30 10:49:41 DEBUG [http-nio-8080-exec-9] org.hibernate.SQL - select r1_0.orderan_id,r1_0.id,r1_0.jumlah,r1_0.stiker_id from orderan_stiker_rinci r1_0 where r1_0.orderan_id=?
2025-10-30 10:49:41 TRACE [http-nio-8080-exec-9] org.hibernate.orm.jdbc.bind - binding parameter (1:BIGINT) <- [6]
2025-10-30 10:49:41 DEBUG [http-nio-8080-exec-9] org.hibernate.SQL - select r1_0.orderan_id,r1_0.id,r1_0.jumlah,r1_0.stiker_id from orderan_stiker_rinci r1_0 where r1_0.orderan_id=?
2025-10-30 10:49:41 TRACE [http-nio-8080-exec-9] org.hibernate.orm.jdbc.bind - binding parameter (1:BIGINT) <- [7]
2025-10-30 10:49:41 DEBUG [http-nio-8080-exec-9] org.hibernate.SQL - select r1_0.orderan_id,r1_0.id,r1_0.jumlah,r1_0.stiker_id from orderan_stiker_rinci r1_0 where r1_0.orderan_id=?
2025-10-30 10:49:41 TRACE [http-nio-8080-exec-9] org.hibernate.orm.jdbc.bind - binding parameter (1:BIGINT) <- [8]
2025-10-30 10:49:41 DEBUG [http-nio-8080-exec-9] org.hibernate.SQL - select r1_0.orderan_id,r1_0.id,r1_0.jumlah,r1_0.stiker_id from orderan_stiker_rinci r1_0 where r1_0.orderan_id=?
2025-10-30 10:49:41 TRACE [http-nio-8080-exec-9] org.hibernate.orm.jdbc.bind - binding parameter (1:BIGINT) <- [9]
2025-10-30 10:49:41 DEBUG [http-nio-8080-exec-9] org.hibernate.SQL - select ds1_0.id,ds1_0.catatan,ds1_0.data_umkm_id,du1_0.id,du1_0.alamat,du1_0.instagram,du1_0.kontak,du1_0.nama_pemilik,du1_0.nama_usaha,ds1_0.kode_stiker,ds1_0.lebar,ds1_0.nama_stiker,ds1_0.panjang,ds1_0.tgl_pembuatan,ds1_0.tgl_perubahan from data_stiker ds1_0 join data_umkm du1_0 on du1_0.id=ds1_0.data_umkm_id where ds1_0.id=?
2025-10-30 10:49:41 TRACE [http-nio-8080-exec-9] org.hibernate.orm.jdbc.bind - binding parameter (1:BIGINT) <- [4]
2025-10-30 10:49:41 DEBUG [http-nio-8080-exec-9] org.hibernate.SQL - select ds1_0.id,ds1_0.catatan,ds1_0.data_umkm_id,du1_0.id,du1_0.alamat,du1_0.instagram,du1_0.kontak,du1_0.nama_pemilik,du1_0.nama_usaha,ds1_0.kode_stiker,ds1_0.lebar,ds1_0.nama_stiker,ds1_0.panjang,ds1_0.tgl_pembuatan,ds1_0.tgl_perubahan from data_stiker ds1_0 join data_umkm du1_0 on du1_0.id=ds1_0.data_umkm_id where ds1_0.id=?
2025-10-30 10:49:41 TRACE [http-nio-8080-exec-9] org.hibernate.orm.jdbc.bind - binding parameter (1:BIGINT) <- [5]
2025-10-30 10:49:41 DEBUG [http-nio-8080-exec-9] org.hibernate.SQL - select r1_0.orderan_id,r1_0.id,r1_0.jumlah,r1_0.stiker_id from orderan_stiker_rinci r1_0 where r1_0.orderan_id=?
2025-10-30 10:49:41 TRACE [http-nio-8080-exec-9] org.hibernate.orm.jdbc.bind - binding parameter (1:BIGINT) <- [10]
2025-10-30 10:49:41 DEBUG [http-nio-8080-exec-9] org.hibernate.SQL - select r1_0.orderan_id,r1_0.id,r1_0.jumlah,r1_0.stiker_id from orderan_stiker_rinci r1_0 where r1_0.orderan_id=?
2025-10-30 10:49:41 TRACE [http-nio-8080-exec-9] org.hibernate.orm.jdbc.bind - binding parameter (1:BIGINT) <- [12]
2025-10-30 10:49:41 DEBUG [http-nio-8080-exec-9] org.hibernate.SQL - select r1_0.orderan_id,r1_0.id,r1_0.jumlah,r1_0.stiker_id from orderan_stiker_rinci r1_0 where r1_0.orderan_id=?
2025-10-30 10:49:41 TRACE [http-nio-8080-exec-9] org.hibernate.orm.jdbc.bind - binding parameter (1:BIGINT) <- [13]
2025-10-30 10:49:41 DEBUG [http-nio-8080-exec-9] org.hibernate.SQL - select ds1_0.id,ds1_0.catatan,ds1_0.data_umkm_id,du1_0.id,du1_0.alamat,du1_0.instagram,du1_0.kontak,du1_0.nama_pemilik,du1_0.nama_usaha,ds1_0.kode_stiker,ds1_0.lebar,ds1_0.nama_stiker,ds1_0.panjang,ds1_0.tgl_pembuatan,ds1_0.tgl_perubahan from data_stiker ds1_0 join data_umkm du1_0 on du1_0.id=ds1_0.data_umkm_id where ds1_0.id=?
2025-10-30 10:49:41 TRACE [http-nio-8080-exec-9] org.hibernate.orm.jdbc.bind - binding parameter (1:BIGINT) <- [7]
2025-10-30 10:49:41 DEBUG [http-nio-8080-exec-9] org.hibernate.SQL - select r1_0.orderan_id,r1_0.id,r1_0.jumlah,r1_0.stiker_id from orderan_stiker_rinci r1_0 where r1_0.orderan_id=?
2025-10-30 10:49:41 TRACE [http-nio-8080-exec-9] org.hibernate.orm.jdbc.bind - binding parameter (1:BIGINT) <- [14]
2025-10-30 10:49:42 DEBUG [http-nio-8080-exec-10] org.hibernate.SQL - select os1_0.id,os1_0.faktur,os1_0.tanggal,os1_0.total_stiker,os1_0.umkm_id from orderan_stiker os1_0
2025-10-30 10:49:42 DEBUG [http-nio-8080-exec-10] org.hibernate.SQL - select du1_0.id,du1_0.alamat,du1_0.instagram,du1_0.kontak,du1_0.nama_pemilik,du1_0.nama_usaha from data_umkm du1_0 where du1_0.id=?
2025-10-30 10:49:42 TRACE [http-nio-8080-exec-10] org.hibernate.orm.jdbc.bind - binding parameter (1:BIGINT) <- [2]
2025-10-30 10:49:42 DEBUG [http-nio-8080-exec-10] org.hibernate.SQL - select du1_0.id,du1_0.alamat,du1_0.instagram,du1_0.kontak,du1_0.nama_pemilik,du1_0.nama_usaha from data_umkm du1_0 where du1_0.id=?
2025-10-30 10:49:42 TRACE [http-nio-8080-exec-10] org.hibernate.orm.jdbc.bind - binding parameter (1:BIGINT) <- [3]
2025-10-30 10:49:42 DEBUG [http-nio-8080-exec-10] org.hibernate.SQL - select du1_0.id,du1_0.alamat,du1_0.instagram,du1_0.kontak,du1_0.nama_pemilik,du1_0.nama_usaha from data_umkm du1_0 where du1_0.id=?
2025-10-30 10:49:42 TRACE [http-nio-8080-exec-10] org.hibernate.orm.jdbc.bind - binding parameter (1:BIGINT) <- [4]
2025-10-30 10:49:42 DEBUG [http-nio-8080-exec-10] org.hibernate.SQL - select r1_0.orderan_id,r1_0.id,r1_0.jumlah,r1_0.stiker_id from orderan_stiker_rinci r1_0 where r1_0.orderan_id=?
2025-10-30 10:49:42 TRACE [http-nio-8080-exec-10] org.hibernate.orm.jdbc.bind - binding parameter (1:BIGINT) <- [1]
2025-10-30 10:49:42 DEBUG [http-nio-8080-exec-10] org.hibernate.SQL - select ds1_0.id,ds1_0.catatan,ds1_0.data_umkm_id,du1_0.id,du1_0.alamat,du1_0.instagram,du1_0.kontak,du1_0.nama_pemilik,du1_0.nama_usaha,ds1_0.kode_stiker,ds1_0.lebar,ds1_0.nama_stiker,ds1_0.panjang,ds1_0.tgl_pembuatan,ds1_0.tgl_perubahan from data_stiker ds1_0 join data_umkm du1_0 on du1_0.id=ds1_0.data_umkm_id where ds1_0.id=?
2025-10-30 10:49:42 TRACE [http-nio-8080-exec-10] org.hibernate.orm.jdbc.bind - binding parameter (1:BIGINT) <- [1]
2025-10-30 10:49:42 DEBUG [http-nio-8080-exec-10] org.hibernate.SQL - select r1_0.orderan_id,r1_0.id,r1_0.jumlah,r1_0.stiker_id from orderan_stiker_rinci r1_0 where r1_0.orderan_id=?
2025-10-30 10:49:42 TRACE [http-nio-8080-exec-10] org.hibernate.orm.jdbc.bind - binding parameter (1:BIGINT) <- [2]
2025-10-30 10:49:42 DEBUG [http-nio-8080-exec-10] org.hibernate.SQL - select r1_0.orderan_id,r1_0.id,r1_0.jumlah,r1_0.stiker_id from orderan_stiker_rinci r1_0 where r1_0.orderan_id=?
2025-10-30 10:49:42 TRACE [http-nio-8080-exec-10] org.hibernate.orm.jdbc.bind - binding parameter (1:BIGINT) <- [3]
2025-10-30 10:49:42 DEBUG [http-nio-8080-exec-10] org.hibernate.SQL - select r1_0.orderan_id,r1_0.id,r1_0.jumlah,r1_0.stiker_id from orderan_stiker_rinci r1_0 where r1_0.orderan_id=?
2025-10-30 10:49:42 TRACE [http-nio-8080-exec-10] org.hibernate.orm.jdbc.bind - binding parameter (1:BIGINT) <- [4]
2025-10-30 10:49:42 DEBUG [http-nio-8080-exec-10] org.hibernate.SQL - select r1_0.orderan_id,r1_0.id,r1_0.jumlah,r1_0.stiker_id from orderan_stiker_rinci r1_0 where r1_0.orderan_id=?
2025-10-30 10:49:42 TRACE [http-nio-8080-exec-10] org.hibernate.orm.jdbc.bind - binding parameter (1:BIGINT) <- [5]
2025-10-30 10:49:42 DEBUG [http-nio-8080-exec-10] org.hibernate.SQL - select ds1_0.id,ds1_0.catatan,ds1_0.data_umkm_id,du1_0.id,du1_0.alamat,du1_0.instagram,du1_0.kontak,du1_0.nama_pemilik,du1_0.nama_usaha,ds1_0.kode_stiker,ds1_0.lebar,ds1_0.nama_stiker,ds1_0.panjang,ds1_0.tgl_pembuatan,ds1_0.tgl_perubahan from data_stiker ds1_0 join data_umkm du1_0 on du1_0.id=ds1_0.data_umkm_id where ds1_0.id=?
2025-10-30 10:49:42 TRACE [http-nio-8080-exec-10] org.hibernate.orm.jdbc.bind - binding parameter (1:BIGINT) <- [2]
2025-10-30 10:49:42 DEBUG [http-nio-8080-exec-10] org.hibernate.SQL - select r1_0.orderan_id,r1_0.id,r1_0.jumlah,r1_0.stiker_id from orderan_stiker_rinci r1_0 where r1_0.orderan_id=?
2025-10-30 10:49:42 TRACE [http-nio-8080-exec-10] org.hibernate.orm.jdbc.bind - binding parameter (1:BIGINT) <- [6]
2025-10-30 10:49:42 DEBUG [http-nio-8080-exec-10] org.hibernate.SQL - select r1_0.orderan_id,r1_0.id,r1_0.jumlah,r1_0.stiker_id from orderan_stiker_rinci r1_0 where r1_0.orderan_id=?
2025-10-30 10:49:42 TRACE [http-nio-8080-exec-10] org.hibernate.orm.jdbc.bind - binding parameter (1:BIGINT) <- [7]
2025-10-30 10:49:42 DEBUG [http-nio-8080-exec-10] org.hibernate.SQL - select r1_0.orderan_id,r1_0.id,r1_0.jumlah,r1_0.stiker_id from orderan_stiker_rinci r1_0 where r1_0.orderan_id=?
2025-10-30 10:49:42 TRACE [http-nio-8080-exec-10] org.hibernate.orm.jdbc.bind - binding parameter (1:BIGINT) <- [8]
2025-10-30 10:49:42 DEBUG [http-nio-8080-exec-10] org.hibernate.SQL - select r1_0.orderan_id,r1_0.id,r1_0.jumlah,r1_0.stiker_id from orderan_stiker_rinci r1_0 where r1_0.orderan_id=?
2025-10-30 10:49:42 TRACE [http-nio-8080-exec-10] org.hibernate.orm.jdbc.bind - binding parameter (1:BIGINT) <- [9]
2025-10-30 10:49:42 DEBUG [http-nio-8080-exec-10] org.hibernate.SQL - select ds1_0.id,ds1_0.catatan,ds1_0.data_umkm_id,du1_0.id,du1_0.alamat,du1_0.instagram,du1_0.kontak,du1_0.nama_pemilik,du1_0.nama_usaha,ds1_0.kode_stiker,ds1_0.lebar,ds1_0.nama_stiker,ds1_0.panjang,ds1_0.tgl_pembuatan,ds1_0.tgl_perubahan from data_stiker ds1_0 join data_umkm du1_0 on du1_0.id=ds1_0.data_umkm_id where ds1_0.id=?
2025-10-30 10:49:42 TRACE [http-nio-8080-exec-10] org.hibernate.orm.jdbc.bind - binding parameter (1:BIGINT) <- [4]
2025-10-30 10:49:42 DEBUG [http-nio-8080-exec-10] org.hibernate.SQL - select ds1_0.id,ds1_0.catatan,ds1_0.data_umkm_id,du1_0.id,du1_0.alamat,du1_0.instagram,du1_0.kontak,du1_0.nama_pemilik,du1_0.nama_usaha,ds1_0.kode_stiker,ds1_0.lebar,ds1_0.nama_stiker,ds1_0.panjang,ds1_0.tgl_pembuatan,ds1_0.tgl_perubahan from data_stiker ds1_0 join data_umkm du1_0 on du1_0.id=ds1_0.data_umkm_id where ds1_0.id=?
2025-10-30 10:49:42 TRACE [http-nio-8080-exec-10] org.hibernate.orm.jdbc.bind - binding parameter (1:BIGINT) <- [5]
2025-10-30 10:49:42 DEBUG [http-nio-8080-exec-10] org.hibernate.SQL - select r1_0.orderan_id,r1_0.id,r1_0.jumlah,r1_0.stiker_id from orderan_stiker_rinci r1_0 where r1_0.orderan_id=?
2025-10-30 10:49:42 TRACE [http-nio-8080-exec-10] org.hibernate.orm.jdbc.bind - binding parameter (1:BIGINT) <- [10]
2025-10-30 10:49:42 DEBUG [http-nio-8080-exec-10] org.hibernate.SQL - select r1_0.orderan_id,r1_0.id,r1_0.jumlah,r1_0.stiker_id from orderan_stiker_rinci r1_0 where r1_0.orderan_id=?
2025-10-30 10:49:42 TRACE [http-nio-8080-exec-10] org.hibernate.orm.jdbc.bind - binding parameter (1:BIGINT) <- [12]
2025-10-30 10:49:42 DEBUG [http-nio-8080-exec-10] org.hibernate.SQL - select r1_0.orderan_id,r1_0.id,r1_0.jumlah,r1_0.stiker_id from orderan_stiker_rinci r1_0 where r1_0.orderan_id=?
2025-10-30 10:49:42 TRACE [http-nio-8080-exec-10] org.hibernate.orm.jdbc.bind - binding parameter (1:BIGINT) <- [13]
2025-10-30 10:49:42 DEBUG [http-nio-8080-exec-10] org.hibernate.SQL - select ds1_0.id,ds1_0.catatan,ds1_0.data_umkm_id,du1_0.id,du1_0.alamat,du1_0.instagram,du1_0.kontak,du1_0.nama_pemilik,du1_0.nama_usaha,ds1_0.kode_stiker,ds1_0.lebar,ds1_0.nama_stiker,ds1_0.panjang,ds1_0.tgl_pembuatan,ds1_0.tgl_perubahan from data_stiker ds1_0 join data_umkm du1_0 on du1_0.id=ds1_0.data_umkm_id where ds1_0.id=?
2025-10-30 10:49:42 TRACE [http-nio-8080-exec-10] org.hibernate.orm.jdbc.bind - binding parameter (1:BIGINT) <- [7]
2025-10-30 10:49:42 DEBUG [http-nio-8080-exec-10] org.hibernate.SQL - select r1_0.orderan_id,r1_0.id,r1_0.jumlah,r1_0.stiker_id from orderan_stiker_rinci r1_0 where r1_0.orderan_id=?
2025-10-30 10:49:42 TRACE [http-nio-8080-exec-10] org.hibernate.orm.jdbc.bind - binding parameter (1:BIGINT) <- [14]
2025-10-30 13:11:09 DEBUG [http-nio-8080-exec-2] org.hibernate.SQL - 
            SELECT faktur 
            FROM orderan_stiker 
            WHERE YEAR(tanggal) = ? 
            ORDER BY faktur DESC 
            LIMIT 1
        
2025-10-30 13:11:09 TRACE [http-nio-8080-exec-2] org.hibernate.orm.jdbc.bind - binding parameter (1:INTEGER) <- [2025]
2025-10-30 13:11:11 DEBUG [http-nio-8080-exec-8] org.hibernate.SQL - select os1_0.id,os1_0.faktur,os1_0.tanggal,os1_0.total_stiker,os1_0.umkm_id from orderan_stiker os1_0
2025-10-30 13:11:11 DEBUG [http-nio-8080-exec-8] org.hibernate.SQL - select du1_0.id,du1_0.alamat,du1_0.instagram,du1_0.kontak,du1_0.nama_pemilik,du1_0.nama_usaha from data_umkm du1_0 where du1_0.id=?
2025-10-30 13:11:11 TRACE [http-nio-8080-exec-8] org.hibernate.orm.jdbc.bind - binding parameter (1:BIGINT) <- [2]
2025-10-30 13:11:11 DEBUG [http-nio-8080-exec-8] org.hibernate.SQL - select du1_0.id,du1_0.alamat,du1_0.instagram,du1_0.kontak,du1_0.nama_pemilik,du1_0.nama_usaha from data_umkm du1_0 where du1_0.id=?
2025-10-30 13:11:11 TRACE [http-nio-8080-exec-8] org.hibernate.orm.jdbc.bind - binding parameter (1:BIGINT) <- [3]
2025-10-30 13:11:11 DEBUG [http-nio-8080-exec-8] org.hibernate.SQL - select du1_0.id,du1_0.alamat,du1_0.instagram,du1_0.kontak,du1_0.nama_pemilik,du1_0.nama_usaha from data_umkm du1_0 where du1_0.id=?
2025-10-30 13:11:11 TRACE [http-nio-8080-exec-8] org.hibernate.orm.jdbc.bind - binding parameter (1:BIGINT) <- [4]
2025-10-30 13:11:11 DEBUG [http-nio-8080-exec-8] org.hibernate.SQL - select r1_0.orderan_id,r1_0.id,r1_0.jumlah,r1_0.stiker_id from orderan_stiker_rinci r1_0 where r1_0.orderan_id=?
2025-10-30 13:11:11 TRACE [http-nio-8080-exec-8] org.hibernate.orm.jdbc.bind - binding parameter (1:BIGINT) <- [1]
2025-10-30 13:11:11 DEBUG [http-nio-8080-exec-8] org.hibernate.SQL - select ds1_0.id,ds1_0.catatan,ds1_0.data_umkm_id,du1_0.id,du1_0.alamat,du1_0.instagram,du1_0.kontak,du1_0.nama_pemilik,du1_0.nama_usaha,ds1_0.kode_stiker,ds1_0.lebar,ds1_0.nama_stiker,ds1_0.panjang,ds1_0.tgl_pembuatan,ds1_0.tgl_perubahan from data_stiker ds1_0 join data_umkm du1_0 on du1_0.id=ds1_0.data_umkm_id where ds1_0.id=?
2025-10-30 13:11:11 TRACE [http-nio-8080-exec-8] org.hibernate.orm.jdbc.bind - binding parameter (1:BIGINT) <- [1]
2025-10-30 13:11:11 DEBUG [http-nio-8080-exec-8] org.hibernate.SQL - select r1_0.orderan_id,r1_0.id,r1_0.jumlah,r1_0.stiker_id from orderan_stiker_rinci r1_0 where r1_0.orderan_id=?
2025-10-30 13:11:11 TRACE [http-nio-8080-exec-8] org.hibernate.orm.jdbc.bind - binding parameter (1:BIGINT) <- [2]
2025-10-30 13:11:11 DEBUG [http-nio-8080-exec-8] org.hibernate.SQL - select r1_0.orderan_id,r1_0.id,r1_0.jumlah,r1_0.stiker_id from orderan_stiker_rinci r1_0 where r1_0.orderan_id=?
2025-10-30 13:11:11 TRACE [http-nio-8080-exec-8] org.hibernate.orm.jdbc.bind - binding parameter (1:BIGINT) <- [3]
2025-10-30 13:11:11 DEBUG [http-nio-8080-exec-8] org.hibernate.SQL - select r1_0.orderan_id,r1_0.id,r1_0.jumlah,r1_0.stiker_id from orderan_stiker_rinci r1_0 where r1_0.orderan_id=?
2025-10-30 13:11:11 TRACE [http-nio-8080-exec-8] org.hibernate.orm.jdbc.bind - binding parameter (1:BIGINT) <- [4]
2025-10-30 13:11:11 DEBUG [http-nio-8080-exec-8] org.hibernate.SQL - select r1_0.orderan_id,r1_0.id,r1_0.jumlah,r1_0.stiker_id from orderan_stiker_rinci r1_0 where r1_0.orderan_id=?
2025-10-30 13:11:11 TRACE [http-nio-8080-exec-8] org.hibernate.orm.jdbc.bind - binding parameter (1:BIGINT) <- [5]
2025-10-30 13:11:11 DEBUG [http-nio-8080-exec-8] org.hibernate.SQL - select ds1_0.id,ds1_0.catatan,ds1_0.data_umkm_id,du1_0.id,du1_0.alamat,du1_0.instagram,du1_0.kontak,du1_0.nama_pemilik,du1_0.nama_usaha,ds1_0.kode_stiker,ds1_0.lebar,ds1_0.nama_stiker,ds1_0.panjang,ds1_0.tgl_pembuatan,ds1_0.tgl_perubahan from data_stiker ds1_0 join data_umkm du1_0 on du1_0.id=ds1_0.data_umkm_id where ds1_0.id=?
2025-10-30 13:11:11 TRACE [http-nio-8080-exec-8] org.hibernate.orm.jdbc.bind - binding parameter (1:BIGINT) <- [2]
2025-10-30 13:11:11 DEBUG [http-nio-8080-exec-8] org.hibernate.SQL - select r1_0.orderan_id,r1_0.id,r1_0.jumlah,r1_0.stiker_id from orderan_stiker_rinci r1_0 where r1_0.orderan_id=?
2025-10-30 13:11:11 TRACE [http-nio-8080-exec-8] org.hibernate.orm.jdbc.bind - binding parameter (1:BIGINT) <- [6]
2025-10-30 13:11:11 DEBUG [http-nio-8080-exec-8] org.hibernate.SQL - select r1_0.orderan_id,r1_0.id,r1_0.jumlah,r1_0.stiker_id from orderan_stiker_rinci r1_0 where r1_0.orderan_id=?
2025-10-30 13:11:11 TRACE [http-nio-8080-exec-8] org.hibernate.orm.jdbc.bind - binding parameter (1:BIGINT) <- [7]
2025-10-30 13:11:11 DEBUG [http-nio-8080-exec-8] org.hibernate.SQL - select r1_0.orderan_id,r1_0.id,r1_0.jumlah,r1_0.stiker_id from orderan_stiker_rinci r1_0 where r1_0.orderan_id=?
2025-10-30 13:11:11 TRACE [http-nio-8080-exec-8] org.hibernate.orm.jdbc.bind - binding parameter (1:BIGINT) <- [8]
2025-10-30 13:11:11 DEBUG [http-nio-8080-exec-8] org.hibernate.SQL - select r1_0.orderan_id,r1_0.id,r1_0.jumlah,r1_0.stiker_id from orderan_stiker_rinci r1_0 where r1_0.orderan_id=?
2025-10-30 13:11:11 TRACE [http-nio-8080-exec-8] org.hibernate.orm.jdbc.bind - binding parameter (1:BIGINT) <- [9]
2025-10-30 13:11:11 DEBUG [http-nio-8080-exec-8] org.hibernate.SQL - select ds1_0.id,ds1_0.catatan,ds1_0.data_umkm_id,du1_0.id,du1_0.alamat,du1_0.instagram,du1_0.kontak,du1_0.nama_pemilik,du1_0.nama_usaha,ds1_0.kode_stiker,ds1_0.lebar,ds1_0.nama_stiker,ds1_0.panjang,ds1_0.tgl_pembuatan,ds1_0.tgl_perubahan from data_stiker ds1_0 join data_umkm du1_0 on du1_0.id=ds1_0.data_umkm_id where ds1_0.id=?
2025-10-30 13:11:11 TRACE [http-nio-8080-exec-8] org.hibernate.orm.jdbc.bind - binding parameter (1:BIGINT) <- [4]
2025-10-30 13:11:11 DEBUG [http-nio-8080-exec-8] org.hibernate.SQL - select ds1_0.id,ds1_0.catatan,ds1_0.data_umkm_id,du1_0.id,du1_0.alamat,du1_0.instagram,du1_0.kontak,du1_0.nama_pemilik,du1_0.nama_usaha,ds1_0.kode_stiker,ds1_0.lebar,ds1_0.nama_stiker,ds1_0.panjang,ds1_0.tgl_pembuatan,ds1_0.tgl_perubahan from data_stiker ds1_0 join data_umkm du1_0 on du1_0.id=ds1_0.data_umkm_id where ds1_0.id=?
2025-10-30 13:11:11 TRACE [http-nio-8080-exec-8] org.hibernate.orm.jdbc.bind - binding parameter (1:BIGINT) <- [5]
2025-10-30 13:11:11 DEBUG [http-nio-8080-exec-8] org.hibernate.SQL - select r1_0.orderan_id,r1_0.id,r1_0.jumlah,r1_0.stiker_id from orderan_stiker_rinci r1_0 where r1_0.orderan_id=?
2025-10-30 13:11:11 TRACE [http-nio-8080-exec-8] org.hibernate.orm.jdbc.bind - binding parameter (1:BIGINT) <- [10]
2025-10-30 13:11:11 DEBUG [http-nio-8080-exec-8] org.hibernate.SQL - select r1_0.orderan_id,r1_0.id,r1_0.jumlah,r1_0.stiker_id from orderan_stiker_rinci r1_0 where r1_0.orderan_id=?
2025-10-30 13:11:11 TRACE [http-nio-8080-exec-8] org.hibernate.orm.jdbc.bind - binding parameter (1:BIGINT) <- [12]
2025-10-30 13:11:11 DEBUG [http-nio-8080-exec-8] org.hibernate.SQL - select r1_0.orderan_id,r1_0.id,r1_0.jumlah,r1_0.stiker_id from orderan_stiker_rinci r1_0 where r1_0.orderan_id=?
2025-10-30 13:11:11 TRACE [http-nio-8080-exec-8] org.hibernate.orm.jdbc.bind - binding parameter (1:BIGINT) <- [13]
2025-10-30 13:11:11 DEBUG [http-nio-8080-exec-8] org.hibernate.SQL - select ds1_0.id,ds1_0.catatan,ds1_0.data_umkm_id,du1_0.id,du1_0.alamat,du1_0.instagram,du1_0.kontak,du1_0.nama_pemilik,du1_0.nama_usaha,ds1_0.kode_stiker,ds1_0.lebar,ds1_0.nama_stiker,ds1_0.panjang,ds1_0.tgl_pembuatan,ds1_0.tgl_perubahan from data_stiker ds1_0 join data_umkm du1_0 on du1_0.id=ds1_0.data_umkm_id where ds1_0.id=?
2025-10-30 13:11:11 TRACE [http-nio-8080-exec-8] org.hibernate.orm.jdbc.bind - binding parameter (1:BIGINT) <- [7]
2025-10-30 13:11:11 DEBUG [http-nio-8080-exec-8] org.hibernate.SQL - select r1_0.orderan_id,r1_0.id,r1_0.jumlah,r1_0.stiker_id from orderan_stiker_rinci r1_0 where r1_0.orderan_id=?
2025-10-30 13:11:11 TRACE [http-nio-8080-exec-8] org.hibernate.orm.jdbc.bind - binding parameter (1:BIGINT) <- [14]
2025-10-30 13:11:11 DEBUG [http-nio-8080-exec-3] org.hibernate.SQL - select os1_0.id,os1_0.faktur,os1_0.tanggal,os1_0.total_stiker,os1_0.umkm_id from orderan_stiker os1_0
2025-10-30 13:11:11 DEBUG [http-nio-8080-exec-3] org.hibernate.SQL - select du1_0.id,du1_0.alamat,du1_0.instagram,du1_0.kontak,du1_0.nama_pemilik,du1_0.nama_usaha from data_umkm du1_0 where du1_0.id=?
2025-10-30 13:11:11 TRACE [http-nio-8080-exec-3] org.hibernate.orm.jdbc.bind - binding parameter (1:BIGINT) <- [2]
2025-10-30 13:11:11 DEBUG [http-nio-8080-exec-3] org.hibernate.SQL - select du1_0.id,du1_0.alamat,du1_0.instagram,du1_0.kontak,du1_0.nama_pemilik,du1_0.nama_usaha from data_umkm du1_0 where du1_0.id=?
2025-10-30 13:11:11 TRACE [http-nio-8080-exec-3] org.hibernate.orm.jdbc.bind - binding parameter (1:BIGINT) <- [3]
2025-10-30 13:11:11 DEBUG [http-nio-8080-exec-3] org.hibernate.SQL - select du1_0.id,du1_0.alamat,du1_0.instagram,du1_0.kontak,du1_0.nama_pemilik,du1_0.nama_usaha from data_umkm du1_0 where du1_0.id=?
2025-10-30 13:11:11 TRACE [http-nio-8080-exec-3] org.hibernate.orm.jdbc.bind - binding parameter (1:BIGINT) <- [4]
2025-10-30 13:11:11 DEBUG [http-nio-8080-exec-3] org.hibernate.SQL - select r1_0.orderan_id,r1_0.id,r1_0.jumlah,r1_0.stiker_id from orderan_stiker_rinci r1_0 where r1_0.orderan_id=?
2025-10-30 13:11:11 TRACE [http-nio-8080-exec-3] org.hibernate.orm.jdbc.bind - binding parameter (1:BIGINT) <- [1]
2025-10-30 13:11:11 DEBUG [http-nio-8080-exec-3] org.hibernate.SQL - select ds1_0.id,ds1_0.catatan,ds1_0.data_umkm_id,du1_0.id,du1_0.alamat,du1_0.instagram,du1_0.kontak,du1_0.nama_pemilik,du1_0.nama_usaha,ds1_0.kode_stiker,ds1_0.lebar,ds1_0.nama_stiker,ds1_0.panjang,ds1_0.tgl_pembuatan,ds1_0.tgl_perubahan from data_stiker ds1_0 join data_umkm du1_0 on du1_0.id=ds1_0.data_umkm_id where ds1_0.id=?
2025-10-30 13:11:11 TRACE [http-nio-8080-exec-3] org.hibernate.orm.jdbc.bind - binding parameter (1:BIGINT) <- [1]
2025-10-30 13:11:11 DEBUG [http-nio-8080-exec-3] org.hibernate.SQL - select r1_0.orderan_id,r1_0.id,r1_0.jumlah,r1_0.stiker_id from orderan_stiker_rinci r1_0 where r1_0.orderan_id=?
2025-10-30 13:11:11 TRACE [http-nio-8080-exec-3] org.hibernate.orm.jdbc.bind - binding parameter (1:BIGINT) <- [2]
2025-10-30 13:11:11 DEBUG [http-nio-8080-exec-3] org.hibernate.SQL - select r1_0.orderan_id,r1_0.id,r1_0.jumlah,r1_0.stiker_id from orderan_stiker_rinci r1_0 where r1_0.orderan_id=?
2025-10-30 13:11:11 TRACE [http-nio-8080-exec-3] org.hibernate.orm.jdbc.bind - binding parameter (1:BIGINT) <- [3]
2025-10-30 13:11:11 DEBUG [http-nio-8080-exec-3] org.hibernate.SQL - select r1_0.orderan_id,r1_0.id,r1_0.jumlah,r1_0.stiker_id from orderan_stiker_rinci r1_0 where r1_0.orderan_id=?
2025-10-30 13:11:11 TRACE [http-nio-8080-exec-3] org.hibernate.orm.jdbc.bind - binding parameter (1:BIGINT) <- [4]
2025-10-30 13:11:11 DEBUG [http-nio-8080-exec-3] org.hibernate.SQL - select r1_0.orderan_id,r1_0.id,r1_0.jumlah,r1_0.stiker_id from orderan_stiker_rinci r1_0 where r1_0.orderan_id=?
2025-10-30 13:11:11 TRACE [http-nio-8080-exec-3] org.hibernate.orm.jdbc.bind - binding parameter (1:BIGINT) <- [5]
2025-10-30 13:11:11 DEBUG [http-nio-8080-exec-3] org.hibernate.SQL - select ds1_0.id,ds1_0.catatan,ds1_0.data_umkm_id,du1_0.id,du1_0.alamat,du1_0.instagram,du1_0.kontak,du1_0.nama_pemilik,du1_0.nama_usaha,ds1_0.kode_stiker,ds1_0.lebar,ds1_0.nama_stiker,ds1_0.panjang,ds1_0.tgl_pembuatan,ds1_0.tgl_perubahan from data_stiker ds1_0 join data_umkm du1_0 on du1_0.id=ds1_0.data_umkm_id where ds1_0.id=?
2025-10-30 13:11:11 TRACE [http-nio-8080-exec-3] org.hibernate.orm.jdbc.bind - binding parameter (1:BIGINT) <- [2]
2025-10-30 13:11:11 DEBUG [http-nio-8080-exec-3] org.hibernate.SQL - select r1_0.orderan_id,r1_0.id,r1_0.jumlah,r1_0.stiker_id from orderan_stiker_rinci r1_0 where r1_0.orderan_id=?
2025-10-30 13:11:11 TRACE [http-nio-8080-exec-3] org.hibernate.orm.jdbc.bind - binding parameter (1:BIGINT) <- [6]
2025-10-30 13:11:11 DEBUG [http-nio-8080-exec-3] org.hibernate.SQL - select r1_0.orderan_id,r1_0.id,r1_0.jumlah,r1_0.stiker_id from orderan_stiker_rinci r1_0 where r1_0.orderan_id=?
2025-10-30 13:11:11 TRACE [http-nio-8080-exec-3] org.hibernate.orm.jdbc.bind - binding parameter (1:BIGINT) <- [7]
2025-10-30 13:11:11 DEBUG [http-nio-8080-exec-3] org.hibernate.SQL - select r1_0.orderan_id,r1_0.id,r1_0.jumlah,r1_0.stiker_id from orderan_stiker_rinci r1_0 where r1_0.orderan_id=?
2025-10-30 13:11:11 TRACE [http-nio-8080-exec-3] org.hibernate.orm.jdbc.bind - binding parameter (1:BIGINT) <- [8]
2025-10-30 13:11:11 DEBUG [http-nio-8080-exec-3] org.hibernate.SQL - select r1_0.orderan_id,r1_0.id,r1_0.jumlah,r1_0.stiker_id from orderan_stiker_rinci r1_0 where r1_0.orderan_id=?
2025-10-30 13:11:11 TRACE [http-nio-8080-exec-3] org.hibernate.orm.jdbc.bind - binding parameter (1:BIGINT) <- [9]
2025-10-30 13:11:11 DEBUG [http-nio-8080-exec-3] org.hibernate.SQL - select ds1_0.id,ds1_0.catatan,ds1_0.data_umkm_id,du1_0.id,du1_0.alamat,du1_0.instagram,du1_0.kontak,du1_0.nama_pemilik,du1_0.nama_usaha,ds1_0.kode_stiker,ds1_0.lebar,ds1_0.nama_stiker,ds1_0.panjang,ds1_0.tgl_pembuatan,ds1_0.tgl_perubahan from data_stiker ds1_0 join data_umkm du1_0 on du1_0.id=ds1_0.data_umkm_id where ds1_0.id=?
2025-10-30 13:11:11 TRACE [http-nio-8080-exec-3] org.hibernate.orm.jdbc.bind - binding parameter (1:BIGINT) <- [4]
2025-10-30 13:11:11 DEBUG [http-nio-8080-exec-3] org.hibernate.SQL - select ds1_0.id,ds1_0.catatan,ds1_0.data_umkm_id,du1_0.id,du1_0.alamat,du1_0.instagram,du1_0.kontak,du1_0.nama_pemilik,du1_0.nama_usaha,ds1_0.kode_stiker,ds1_0.lebar,ds1_0.nama_stiker,ds1_0.panjang,ds1_0.tgl_pembuatan,ds1_0.tgl_perubahan from data_stiker ds1_0 join data_umkm du1_0 on du1_0.id=ds1_0.data_umkm_id where ds1_0.id=?
2025-10-30 13:11:11 TRACE [http-nio-8080-exec-3] org.hibernate.orm.jdbc.bind - binding parameter (1:BIGINT) <- [5]
2025-10-30 13:11:11 DEBUG [http-nio-8080-exec-3] org.hibernate.SQL - select r1_0.orderan_id,r1_0.id,r1_0.jumlah,r1_0.stiker_id from orderan_stiker_rinci r1_0 where r1_0.orderan_id=?
2025-10-30 13:11:11 TRACE [http-nio-8080-exec-3] org.hibernate.orm.jdbc.bind - binding parameter (1:BIGINT) <- [10]
2025-10-30 13:11:11 DEBUG [http-nio-8080-exec-3] org.hibernate.SQL - select r1_0.orderan_id,r1_0.id,r1_0.jumlah,r1_0.stiker_id from orderan_stiker_rinci r1_0 where r1_0.orderan_id=?
2025-10-30 13:11:11 TRACE [http-nio-8080-exec-3] org.hibernate.orm.jdbc.bind - binding parameter (1:BIGINT) <- [12]
2025-10-30 13:11:11 DEBUG [http-nio-8080-exec-3] org.hibernate.SQL - select r1_0.orderan_id,r1_0.id,r1_0.jumlah,r1_0.stiker_id from orderan_stiker_rinci r1_0 where r1_0.orderan_id=?
2025-10-30 13:11:11 TRACE [http-nio-8080-exec-3] org.hibernate.orm.jdbc.bind - binding parameter (1:BIGINT) <- [13]
2025-10-30 13:11:11 DEBUG [http-nio-8080-exec-3] org.hibernate.SQL - select ds1_0.id,ds1_0.catatan,ds1_0.data_umkm_id,du1_0.id,du1_0.alamat,du1_0.instagram,du1_0.kontak,du1_0.nama_pemilik,du1_0.nama_usaha,ds1_0.kode_stiker,ds1_0.lebar,ds1_0.nama_stiker,ds1_0.panjang,ds1_0.tgl_pembuatan,ds1_0.tgl_perubahan from data_stiker ds1_0 join data_umkm du1_0 on du1_0.id=ds1_0.data_umkm_id where ds1_0.id=?
2025-10-30 13:11:11 TRACE [http-nio-8080-exec-3] org.hibernate.orm.jdbc.bind - binding parameter (1:BIGINT) <- [7]
2025-10-30 13:11:11 DEBUG [http-nio-8080-exec-3] org.hibernate.SQL - select r1_0.orderan_id,r1_0.id,r1_0.jumlah,r1_0.stiker_id from orderan_stiker_rinci r1_0 where r1_0.orderan_id=?
2025-10-30 13:11:11 TRACE [http-nio-8080-exec-3] org.hibernate.orm.jdbc.bind - binding parameter (1:BIGINT) <- [14]
2025-10-30 13:11:13 DEBUG [http-nio-8080-exec-4] org.hibernate.SQL - select os1_0.id,os1_0.faktur,os1_0.tanggal,os1_0.total_stiker,os1_0.umkm_id from orderan_stiker os1_0
2025-10-30 13:11:13 DEBUG [http-nio-8080-exec-4] org.hibernate.SQL - select du1_0.id,du1_0.alamat,du1_0.instagram,du1_0.kontak,du1_0.nama_pemilik,du1_0.nama_usaha from data_umkm du1_0 where du1_0.id=?
2025-10-30 13:11:13 TRACE [http-nio-8080-exec-4] org.hibernate.orm.jdbc.bind - binding parameter (1:BIGINT) <- [2]
2025-10-30 13:11:13 DEBUG [http-nio-8080-exec-4] org.hibernate.SQL - select du1_0.id,du1_0.alamat,du1_0.instagram,du1_0.kontak,du1_0.nama_pemilik,du1_0.nama_usaha from data_umkm du1_0 where du1_0.id=?
2025-10-30 13:11:13 TRACE [http-nio-8080-exec-4] org.hibernate.orm.jdbc.bind - binding parameter (1:BIGINT) <- [3]
2025-10-30 13:11:13 DEBUG [http-nio-8080-exec-4] org.hibernate.SQL - select du1_0.id,du1_0.alamat,du1_0.instagram,du1_0.kontak,du1_0.nama_pemilik,du1_0.nama_usaha from data_umkm du1_0 where du1_0.id=?
2025-10-30 13:11:13 TRACE [http-nio-8080-exec-4] org.hibernate.orm.jdbc.bind - binding parameter (1:BIGINT) <- [4]
2025-10-30 13:11:13 DEBUG [http-nio-8080-exec-4] org.hibernate.SQL - select r1_0.orderan_id,r1_0.id,r1_0.jumlah,r1_0.stiker_id from orderan_stiker_rinci r1_0 where r1_0.orderan_id=?
2025-10-30 13:11:13 TRACE [http-nio-8080-exec-4] org.hibernate.orm.jdbc.bind - binding parameter (1:BIGINT) <- [1]
2025-10-30 13:11:13 DEBUG [http-nio-8080-exec-4] org.hibernate.SQL - select ds1_0.id,ds1_0.catatan,ds1_0.data_umkm_id,du1_0.id,du1_0.alamat,du1_0.instagram,du1_0.kontak,du1_0.nama_pemilik,du1_0.nama_usaha,ds1_0.kode_stiker,ds1_0.lebar,ds1_0.nama_stiker,ds1_0.panjang,ds1_0.tgl_pembuatan,ds1_0.tgl_perubahan from data_stiker ds1_0 join data_umkm du1_0 on du1_0.id=ds1_0.data_umkm_id where ds1_0.id=?
2025-10-30 13:11:13 TRACE [http-nio-8080-exec-4] org.hibernate.orm.jdbc.bind - binding parameter (1:BIGINT) <- [1]
2025-10-30 13:11:13 DEBUG [http-nio-8080-exec-4] org.hibernate.SQL - select r1_0.orderan_id,r1_0.id,r1_0.jumlah,r1_0.stiker_id from orderan_stiker_rinci r1_0 where r1_0.orderan_id=?
2025-10-30 13:11:13 TRACE [http-nio-8080-exec-4] org.hibernate.orm.jdbc.bind - binding parameter (1:BIGINT) <- [2]
2025-10-30 13:11:13 DEBUG [http-nio-8080-exec-4] org.hibernate.SQL - select r1_0.orderan_id,r1_0.id,r1_0.jumlah,r1_0.stiker_id from orderan_stiker_rinci r1_0 where r1_0.orderan_id=?
2025-10-30 13:11:13 TRACE [http-nio-8080-exec-4] org.hibernate.orm.jdbc.bind - binding parameter (1:BIGINT) <- [3]
2025-10-30 13:11:13 DEBUG [http-nio-8080-exec-4] org.hibernate.SQL - select r1_0.orderan_id,r1_0.id,r1_0.jumlah,r1_0.stiker_id from orderan_stiker_rinci r1_0 where r1_0.orderan_id=?
2025-10-30 13:11:13 TRACE [http-nio-8080-exec-4] org.hibernate.orm.jdbc.bind - binding parameter (1:BIGINT) <- [4]
2025-10-30 13:11:13 DEBUG [http-nio-8080-exec-4] org.hibernate.SQL - select r1_0.orderan_id,r1_0.id,r1_0.jumlah,r1_0.stiker_id from orderan_stiker_rinci r1_0 where r1_0.orderan_id=?
2025-10-30 13:11:13 TRACE [http-nio-8080-exec-4] org.hibernate.orm.jdbc.bind - binding parameter (1:BIGINT) <- [5]
2025-10-30 13:11:13 DEBUG [http-nio-8080-exec-4] org.hibernate.SQL - select ds1_0.id,ds1_0.catatan,ds1_0.data_umkm_id,du1_0.id,du1_0.alamat,du1_0.instagram,du1_0.kontak,du1_0.nama_pemilik,du1_0.nama_usaha,ds1_0.kode_stiker,ds1_0.lebar,ds1_0.nama_stiker,ds1_0.panjang,ds1_0.tgl_pembuatan,ds1_0.tgl_perubahan from data_stiker ds1_0 join data_umkm du1_0 on du1_0.id=ds1_0.data_umkm_id where ds1_0.id=?
2025-10-30 13:11:13 TRACE [http-nio-8080-exec-4] org.hibernate.orm.jdbc.bind - binding parameter (1:BIGINT) <- [2]
2025-10-30 13:11:13 DEBUG [http-nio-8080-exec-4] org.hibernate.SQL - select r1_0.orderan_id,r1_0.id,r1_0.jumlah,r1_0.stiker_id from orderan_stiker_rinci r1_0 where r1_0.orderan_id=?
2025-10-30 13:11:13 TRACE [http-nio-8080-exec-4] org.hibernate.orm.jdbc.bind - binding parameter (1:BIGINT) <- [6]
2025-10-30 13:11:13 DEBUG [http-nio-8080-exec-4] org.hibernate.SQL - select r1_0.orderan_id,r1_0.id,r1_0.jumlah,r1_0.stiker_id from orderan_stiker_rinci r1_0 where r1_0.orderan_id=?
2025-10-30 13:11:13 TRACE [http-nio-8080-exec-4] org.hibernate.orm.jdbc.bind - binding parameter (1:BIGINT) <- [7]
2025-10-30 13:11:13 DEBUG [http-nio-8080-exec-4] org.hibernate.SQL - select r1_0.orderan_id,r1_0.id,r1_0.jumlah,r1_0.stiker_id from orderan_stiker_rinci r1_0 where r1_0.orderan_id=?
2025-10-30 13:11:13 TRACE [http-nio-8080-exec-4] org.hibernate.orm.jdbc.bind - binding parameter (1:BIGINT) <- [8]
2025-10-30 13:11:13 DEBUG [http-nio-8080-exec-4] org.hibernate.SQL - select r1_0.orderan_id,r1_0.id,r1_0.jumlah,r1_0.stiker_id from orderan_stiker_rinci r1_0 where r1_0.orderan_id=?
2025-10-30 13:11:13 TRACE [http-nio-8080-exec-4] org.hibernate.orm.jdbc.bind - binding parameter (1:BIGINT) <- [9]
2025-10-30 13:11:13 DEBUG [http-nio-8080-exec-4] org.hibernate.SQL - select ds1_0.id,ds1_0.catatan,ds1_0.data_umkm_id,du1_0.id,du1_0.alamat,du1_0.instagram,du1_0.kontak,du1_0.nama_pemilik,du1_0.nama_usaha,ds1_0.kode_stiker,ds1_0.lebar,ds1_0.nama_stiker,ds1_0.panjang,ds1_0.tgl_pembuatan,ds1_0.tgl_perubahan from data_stiker ds1_0 join data_umkm du1_0 on du1_0.id=ds1_0.data_umkm_id where ds1_0.id=?
2025-10-30 13:11:13 TRACE [http-nio-8080-exec-4] org.hibernate.orm.jdbc.bind - binding parameter (1:BIGINT) <- [4]
2025-10-30 13:11:13 DEBUG [http-nio-8080-exec-4] org.hibernate.SQL - select ds1_0.id,ds1_0.catatan,ds1_0.data_umkm_id,du1_0.id,du1_0.alamat,du1_0.instagram,du1_0.kontak,du1_0.nama_pemilik,du1_0.nama_usaha,ds1_0.kode_stiker,ds1_0.lebar,ds1_0.nama_stiker,ds1_0.panjang,ds1_0.tgl_pembuatan,ds1_0.tgl_perubahan from data_stiker ds1_0 join data_umkm du1_0 on du1_0.id=ds1_0.data_umkm_id where ds1_0.id=?
2025-10-30 13:11:13 TRACE [http-nio-8080-exec-4] org.hibernate.orm.jdbc.bind - binding parameter (1:BIGINT) <- [5]
2025-10-30 13:11:13 DEBUG [http-nio-8080-exec-4] org.hibernate.SQL - select r1_0.orderan_id,r1_0.id,r1_0.jumlah,r1_0.stiker_id from orderan_stiker_rinci r1_0 where r1_0.orderan_id=?
2025-10-30 13:11:13 TRACE [http-nio-8080-exec-4] org.hibernate.orm.jdbc.bind - binding parameter (1:BIGINT) <- [10]
2025-10-30 13:11:13 DEBUG [http-nio-8080-exec-4] org.hibernate.SQL - select r1_0.orderan_id,r1_0.id,r1_0.jumlah,r1_0.stiker_id from orderan_stiker_rinci r1_0 where r1_0.orderan_id=?
2025-10-30 13:11:13 TRACE [http-nio-8080-exec-4] org.hibernate.orm.jdbc.bind - binding parameter (1:BIGINT) <- [12]
2025-10-30 13:11:13 DEBUG [http-nio-8080-exec-4] org.hibernate.SQL - select r1_0.orderan_id,r1_0.id,r1_0.jumlah,r1_0.stiker_id from orderan_stiker_rinci r1_0 where r1_0.orderan_id=?
2025-10-30 13:11:13 TRACE [http-nio-8080-exec-4] org.hibernate.orm.jdbc.bind - binding parameter (1:BIGINT) <- [13]
2025-10-30 13:11:13 DEBUG [http-nio-8080-exec-4] org.hibernate.SQL - select ds1_0.id,ds1_0.catatan,ds1_0.data_umkm_id,du1_0.id,du1_0.alamat,du1_0.instagram,du1_0.kontak,du1_0.nama_pemilik,du1_0.nama_usaha,ds1_0.kode_stiker,ds1_0.lebar,ds1_0.nama_stiker,ds1_0.panjang,ds1_0.tgl_pembuatan,ds1_0.tgl_perubahan from data_stiker ds1_0 join data_umkm du1_0 on du1_0.id=ds1_0.data_umkm_id where ds1_0.id=?
2025-10-30 13:11:13 TRACE [http-nio-8080-exec-4] org.hibernate.orm.jdbc.bind - binding parameter (1:BIGINT) <- [7]
2025-10-30 13:11:13 DEBUG [http-nio-8080-exec-4] org.hibernate.SQL - select r1_0.orderan_id,r1_0.id,r1_0.jumlah,r1_0.stiker_id from orderan_stiker_rinci r1_0 where r1_0.orderan_id=?
2025-10-30 13:11:13 TRACE [http-nio-8080-exec-4] org.hibernate.orm.jdbc.bind - binding parameter (1:BIGINT) <- [14]
